2025-11-14 13:49:56.194 | INFO     | split_audio.split_audio_long_base:__init__:69 - Initialized AudioProcessor
2025-11-14 13:49:56.194 | INFO     | split_audio.split_audio_long_base:process_all:277 - Scanning Recording_251114 for audio files...
2025-11-14 13:49:56.199 | INFO     | split_audio.split_audio_long_base:process_all:283 - Found 37 audio files to process
2025-11-14 13:49:59.836 | INFO     | split_audio.split_audio_long_base:resample:93 - Resampled to 16000 Hz → temp/180107_003.WAV
2025-11-14 13:49:59.882 | INFO     | split_audio.split_audio_long_base:resample:93 - Resampled to 16000 Hz → temp/180107_034.WAV
2025-11-14 13:49:59.882 | INFO     | split_audio.split_audio_long_base:resample:93 - Resampled to 16000 Hz → temp/180107_022.WAV
2025-11-14 13:49:59.901 | INFO     | split_audio.split_audio_long_base:split_audio_vad:98 - Splitting file: temp/180107_003.WAV
2025-11-14 13:50:00.014 | INFO     | split_audio.split_audio_long_base:resample:93 - Resampled to 16000 Hz → temp/180107_039.WAV
2025-11-14 13:50:00.020 | INFO     | split_audio.split_audio_long_base:split_audio_vad:98 - Splitting file: temp/180107_034.WAV
2025-11-14 13:50:00.106 | INFO     | split_audio.split_audio_long_base:split_audio_vad:98 - Splitting file: temp/180107_022.WAV
2025-11-14 13:50:00.122 | INFO     | split_audio.split_audio_long_base:resample:93 - Resampled to 16000 Hz → temp/180107_042.WAV
2025-11-14 13:50:00.257 | INFO     | split_audio.split_audio_long_base:split_audio_vad:98 - Splitting file: temp/180107_039.WAV
2025-11-14 13:50:00.258 | INFO     | split_audio.split_audio_long_base:split_audio_vad:98 - Splitting file: temp/180107_042.WAV
2025-11-14 13:50:00.270 | INFO     | split_audio.split_audio_long_base:split_audio_vad:140 - Detected 9 speech segments in temp/180107_003.WAV
2025-11-14 13:50:00.270 | INFO     | split_audio.split_audio_long_base:resample:93 - Resampled to 16000 Hz → temp/180107_023.WAV
2025-11-14 13:50:00.271 | INFO     | split_audio.split_audio_long_base:split_audio_vad:140 - Detected 9 speech segments in temp/180107_022.WAV
2025-11-14 13:50:00.278 | INFO     | split_audio.split_audio_long_base:split_audio_vad:140 - Detected 9 speech segments in temp/180107_034.WAV
2025-11-14 13:50:00.279 | INFO     | split_audio.split_audio_long_base:merge_segments:173 - Merged into 9 segments (min_len=0.0s)
2025-11-14 13:50:00.279 | INFO     | split_audio.split_audio_long_base:resample:93 - Resampled to 16000 Hz → temp/180107_015.WAV
2025-11-14 13:50:00.279 | INFO     | split_audio.split_audio_long_base:resample:93 - Resampled to 16000 Hz → temp/180107_018.WAV
2025-11-14 13:50:00.279 | INFO     | split_audio.split_audio_long_base:split_audio_vad:98 - Splitting file: temp/180107_023.WAV
2025-11-14 13:50:00.280 | INFO     | split_audio.split_audio_long_base:merge_segments:173 - Merged into 9 segments (min_len=0.0s)
2025-11-14 13:50:00.292 | INFO     | split_audio.split_audio_long_base:split_audio_vad:140 - Detected 9 speech segments in temp/180107_039.WAV
2025-11-14 13:50:00.294 | INFO     | split_audio.split_audio_long_base:split_audio_vad:140 - Detected 10 speech segments in temp/180107_042.WAV
2025-11-14 13:50:00.295 | INFO     | split_audio.split_audio_long_base:merge_segments:173 - Merged into 9 segments (min_len=0.0s)
2025-11-14 13:50:00.295 | INFO     | split_audio.split_audio_long_base:split_audio_vad:98 - Splitting file: temp/180107_015.WAV
2025-11-14 13:50:00.301 | INFO     | split_audio.split_audio_long_base:split_audio_vad:98 - Splitting file: temp/180107_018.WAV
2025-11-14 13:50:00.313 | INFO     | split_audio.split_audio_long_base:merge_segments:173 - Merged into 9 segments (min_len=0.0s)
2025-11-14 13:50:00.314 | INFO     | split_audio.split_audio_long_base:merge_segments:173 - Merged into 10 segments (min_len=0.0s)
2025-11-14 13:50:00.328 | INFO     | split_audio.split_audio_long_base:split_audio_vad:140 - Detected 10 speech segments in temp/180107_023.WAV
2025-11-14 13:50:00.355 | INFO     | split_audio.split_audio_long_base:merge_segments:173 - Merged into 10 segments (min_len=0.0s)
2025-11-14 13:50:00.376 | INFO     | split_audio.split_audio_long_base:split_audio_vad:140 - Detected 9 speech segments in temp/180107_015.WAV
2025-11-14 13:50:00.377 | INFO     | split_audio.split_audio_long_base:merge_segments:173 - Merged into 9 segments (min_len=0.0s)
2025-11-14 13:50:00.386 | INFO     | split_audio.split_audio_long_base:split_audio_vad:140 - Detected 8 speech segments in temp/180107_018.WAV
2025-11-14 13:50:00.402 | INFO     | split_audio.split_audio_long_base:merge_segments:173 - Merged into 8 segments (min_len=0.0s)
2025-11-14 13:50:00.434 | INFO     | split_audio.split_audio_long_base:cut_audio:238 - Exported 9 segments → Recording_251114/180107_003.TAKE/180107_003_segment (threads=8)
2025-11-14 13:50:00.444 | INFO     | split_audio.split_audio_long_base:process_file:271 - Processed file Recording_251114/180107_003.TAKE/180107_003.WAV
2025-11-14 13:50:00.444 | INFO     | split_audio.split_audio_long_base:process_one:305 - Done: Recording_251114/180107_003.TAKE/180107_003.WAV
2025-11-14 13:50:00.635 | INFO     | split_audio.split_audio_long_base:cut_audio:238 - Exported 9 segments → Recording_251114/180107_034.TAKE/180107_034_segment (threads=8)
2025-11-14 13:50:00.690 | INFO     | split_audio.split_audio_long_base:process_file:271 - Processed file Recording_251114/180107_034.TAKE/180107_034.WAV
2025-11-14 13:50:00.701 | INFO     | split_audio.split_audio_long_base:process_one:305 - Done: Recording_251114/180107_034.TAKE/180107_034.WAV
2025-11-14 13:50:00.735 | INFO     | split_audio.split_audio_long_base:cut_audio:238 - Exported 9 segments → Recording_251114/180107_039.TAKE/180107_039_segment (threads=8)
2025-11-14 13:50:00.759 | INFO     | split_audio.split_audio_long_base:process_file:271 - Processed file Recording_251114/180107_039.TAKE/180107_039.WAV
2025-11-14 13:50:00.853 | INFO     | split_audio.split_audio_long_base:process_one:305 - Done: Recording_251114/180107_039.TAKE/180107_039.WAV
2025-11-14 13:50:00.867 | INFO     | split_audio.split_audio_long_base:cut_audio:238 - Exported 8 segments → Recording_251114/180107_018.TAKE/180107_018_segment (threads=8)
2025-11-14 13:50:00.998 | INFO     | split_audio.split_audio_long_base:process_file:271 - Processed file Recording_251114/180107_018.TAKE/180107_018.WAV
2025-11-14 13:50:01.076 | INFO     | split_audio.split_audio_long_base:process_one:305 - Done: Recording_251114/180107_018.TAKE/180107_018.WAV
2025-11-14 13:50:01.177 | INFO     | split_audio.split_audio_long_base:cut_audio:238 - Exported 9 segments → Recording_251114/180107_022.TAKE/180107_022_segment (threads=8)
2025-11-14 13:50:01.236 | INFO     | split_audio.split_audio_long_base:process_file:271 - Processed file Recording_251114/180107_022.TAKE/180107_022.WAV
2025-11-14 13:50:01.236 | INFO     | split_audio.split_audio_long_base:cut_audio:238 - Exported 10 segments → Recording_251114/180107_042.TAKE/180107_042_segment (threads=8)
2025-11-14 13:50:01.309 | INFO     | split_audio.split_audio_long_base:process_one:305 - Done: Recording_251114/180107_022.TAKE/180107_022.WAV
2025-11-14 13:50:01.328 | INFO     | split_audio.split_audio_long_base:process_file:271 - Processed file Recording_251114/180107_042.TAKE/180107_042.WAV
2025-11-14 13:50:01.377 | INFO     | split_audio.split_audio_long_base:cut_audio:238 - Exported 10 segments → Recording_251114/180107_023.TAKE/180107_023_segment (threads=8)
2025-11-14 13:50:01.408 | INFO     | split_audio.split_audio_long_base:process_one:305 - Done: Recording_251114/180107_042.TAKE/180107_042.WAV
2025-11-14 13:50:01.456 | INFO     | split_audio.split_audio_long_base:cut_audio:238 - Exported 9 segments → Recording_251114/180107_015.TAKE/180107_015_segment (threads=8)
2025-11-14 13:50:01.481 | INFO     | split_audio.split_audio_long_base:process_file:271 - Processed file Recording_251114/180107_023.TAKE/180107_023.WAV
2025-11-14 13:50:01.604 | INFO     | split_audio.split_audio_long_base:process_file:271 - Processed file Recording_251114/180107_015.TAKE/180107_015.WAV
2025-11-14 13:50:01.652 | INFO     | split_audio.split_audio_long_base:process_one:305 - Done: Recording_251114/180107_023.TAKE/180107_023.WAV
2025-11-14 13:50:01.683 | INFO     | split_audio.split_audio_long_base:process_one:305 - Done: Recording_251114/180107_015.TAKE/180107_015.WAV
2025-11-14 13:50:02.051 | INFO     | split_audio.split_audio_long_base:resample:93 - Resampled to 16000 Hz → temp/180107_014.WAV
2025-11-14 13:50:02.063 | INFO     | split_audio.split_audio_long_base:split_audio_vad:98 - Splitting file: temp/180107_014.WAV
2025-11-14 13:50:02.406 | INFO     | split_audio.split_audio_long_base:split_audio_vad:140 - Detected 9 speech segments in temp/180107_014.WAV
2025-11-14 13:50:02.535 | INFO     | split_audio.split_audio_long_base:merge_segments:173 - Merged into 9 segments (min_len=0.0s)
2025-11-14 13:50:03.601 | INFO     | split_audio.split_audio_long_base:cut_audio:238 - Exported 9 segments → Recording_251114/180107_014.TAKE/180107_014_segment (threads=8)
2025-11-14 13:50:03.705 | INFO     | split_audio.split_audio_long_base:resample:93 - Resampled to 16000 Hz → temp/180107_033.WAV
2025-11-14 13:50:03.725 | INFO     | split_audio.split_audio_long_base:process_file:271 - Processed file Recording_251114/180107_014.TAKE/180107_014.WAV
2025-11-14 13:50:03.769 | INFO     | split_audio.split_audio_long_base:resample:93 - Resampled to 16000 Hz → temp/180107_025.WAV
2025-11-14 13:50:03.794 | INFO     | split_audio.split_audio_long_base:split_audio_vad:98 - Splitting file: temp/180107_033.WAV
2025-11-14 13:50:03.831 | INFO     | split_audio.split_audio_long_base:process_one:305 - Done: Recording_251114/180107_014.TAKE/180107_014.WAV
2025-11-14 13:50:03.863 | INFO     | split_audio.split_audio_long_base:resample:93 - Resampled to 16000 Hz → temp/180107_043.WAV
2025-11-14 13:50:03.930 | INFO     | split_audio.split_audio_long_base:split_audio_vad:98 - Splitting file: temp/180107_025.WAV
2025-11-14 13:50:04.066 | INFO     | split_audio.split_audio_long_base:split_audio_vad:140 - Detected 8 speech segments in temp/180107_033.WAV
2025-11-14 13:50:04.086 | INFO     | split_audio.split_audio_long_base:split_audio_vad:98 - Splitting file: temp/180107_043.WAV
2025-11-14 13:50:04.305 | INFO     | split_audio.split_audio_long_base:merge_segments:173 - Merged into 8 segments (min_len=0.0s)
2025-11-14 13:50:04.436 | INFO     | split_audio.split_audio_long_base:resample:93 - Resampled to 16000 Hz → temp/180107_009.WAV
2025-11-14 13:50:04.454 | INFO     | split_audio.split_audio_long_base:split_audio_vad:140 - Detected 8 speech segments in temp/180107_025.WAV
2025-11-14 13:50:04.523 | INFO     | split_audio.split_audio_long_base:split_audio_vad:98 - Splitting file: temp/180107_009.WAV
2025-11-14 13:50:04.542 | INFO     | split_audio.split_audio_long_base:merge_segments:173 - Merged into 8 segments (min_len=0.0s)
2025-11-14 13:50:04.671 | INFO     | split_audio.split_audio_long_base:split_audio_vad:140 - Detected 9 speech segments in temp/180107_043.WAV
2025-11-14 13:50:04.678 | INFO     | split_audio.split_audio_long_base:split_audio_vad:140 - Detected 8 speech segments in temp/180107_009.WAV
2025-11-14 13:50:04.871 | INFO     | split_audio.split_audio_long_base:resample:93 - Resampled to 16000 Hz → temp/180107_005.WAV
2025-11-14 13:50:04.896 | INFO     | split_audio.split_audio_long_base:merge_segments:173 - Merged into 9 segments (min_len=0.0s)
2025-11-14 13:50:04.939 | INFO     | split_audio.split_audio_long_base:resample:93 - Resampled to 16000 Hz → temp/180107_013.WAV
2025-11-14 13:50:04.939 | INFO     | split_audio.split_audio_long_base:merge_segments:173 - Merged into 8 segments (min_len=0.0s)
2025-11-14 13:50:04.952 | INFO     | split_audio.split_audio_long_base:split_audio_vad:98 - Splitting file: temp/180107_005.WAV
2025-11-14 13:50:05.014 | INFO     | split_audio.split_audio_long_base:split_audio_vad:98 - Splitting file: temp/180107_013.WAV
2025-11-14 13:50:05.190 | INFO     | split_audio.split_audio_long_base:split_audio_vad:140 - Detected 9 speech segments in temp/180107_005.WAV
2025-11-14 13:50:05.191 | INFO     | split_audio.split_audio_long_base:merge_segments:173 - Merged into 9 segments (min_len=0.0s)
2025-11-14 13:50:05.296 | INFO     | split_audio.split_audio_long_base:split_audio_vad:140 - Detected 8 speech segments in temp/180107_013.WAV
2025-11-14 13:50:05.296 | INFO     | split_audio.split_audio_long_base:resample:93 - Resampled to 16000 Hz → temp/180107_048.WAV
2025-11-14 13:50:05.296 | INFO     | split_audio.split_audio_long_base:merge_segments:173 - Merged into 8 segments (min_len=0.0s)
2025-11-14 13:50:05.314 | INFO     | split_audio.split_audio_long_base:cut_audio:238 - Exported 8 segments → Recording_251114/180107_025.TAKE/180107_025_segment (threads=8)
2025-11-14 13:50:05.357 | INFO     | split_audio.split_audio_long_base:split_audio_vad:98 - Splitting file: temp/180107_048.WAV
2025-11-14 13:50:05.382 | INFO     | split_audio.split_audio_long_base:cut_audio:238 - Exported 8 segments → Recording_251114/180107_033.TAKE/180107_033_segment (threads=8)
2025-11-14 13:50:05.394 | INFO     | split_audio.split_audio_long_base:process_file:271 - Processed file Recording_251114/180107_025.TAKE/180107_025.WAV
2025-11-14 13:50:05.440 | INFO     | split_audio.split_audio_long_base:split_audio_vad:140 - Detected 11 speech segments in temp/180107_048.WAV
2025-11-14 13:50:05.440 | INFO     | split_audio.split_audio_long_base:process_file:271 - Processed file Recording_251114/180107_033.TAKE/180107_033.WAV
2025-11-14 13:50:05.458 | INFO     | split_audio.split_audio_long_base:process_one:305 - Done: Recording_251114/180107_025.TAKE/180107_025.WAV
2025-11-14 13:50:05.465 | INFO     | split_audio.split_audio_long_base:merge_segments:173 - Merged into 11 segments (min_len=0.0s)
2025-11-14 13:50:05.484 | INFO     | split_audio.split_audio_long_base:process_one:305 - Done: Recording_251114/180107_033.TAKE/180107_033.WAV
2025-11-14 13:50:05.509 | INFO     | split_audio.split_audio_long_base:cut_audio:238 - Exported 9 segments → Recording_251114/180107_043.TAKE/180107_043_segment (threads=8)
2025-11-14 13:50:05.618 | INFO     | split_audio.split_audio_long_base:process_file:271 - Processed file Recording_251114/180107_043.TAKE/180107_043.WAV
2025-11-14 13:50:05.802 | INFO     | split_audio.split_audio_long_base:cut_audio:238 - Exported 8 segments → Recording_251114/180107_009.TAKE/180107_009_segment (threads=8)
2025-11-14 13:50:05.826 | INFO     | split_audio.split_audio_long_base:process_one:305 - Done: Recording_251114/180107_043.TAKE/180107_043.WAV
2025-11-14 13:50:05.935 | INFO     | split_audio.split_audio_long_base:cut_audio:238 - Exported 9 segments → Recording_251114/180107_005.TAKE/180107_005_segment (threads=8)
2025-11-14 13:50:05.941 | INFO     | split_audio.split_audio_long_base:process_file:271 - Processed file Recording_251114/180107_009.TAKE/180107_009.WAV
2025-11-14 13:50:06.123 | INFO     | split_audio.split_audio_long_base:process_file:271 - Processed file Recording_251114/180107_005.TAKE/180107_005.WAV
2025-11-14 13:50:06.194 | INFO     | split_audio.split_audio_long_base:cut_audio:238 - Exported 8 segments → Recording_251114/180107_013.TAKE/180107_013_segment (threads=8)
2025-11-14 13:50:06.207 | INFO     | split_audio.split_audio_long_base:process_one:305 - Done: Recording_251114/180107_009.TAKE/180107_009.WAV
2025-11-14 13:50:06.274 | INFO     | split_audio.split_audio_long_base:process_one:305 - Done: Recording_251114/180107_005.TAKE/180107_005.WAV
2025-11-14 13:50:06.293 | INFO     | split_audio.split_audio_long_base:resample:93 - Resampled to 16000 Hz → temp/180107_012.WAV
2025-11-14 13:50:06.342 | INFO     | split_audio.split_audio_long_base:process_file:271 - Processed file Recording_251114/180107_013.TAKE/180107_013.WAV
2025-11-14 13:50:06.460 | INFO     | split_audio.split_audio_long_base:split_audio_vad:98 - Splitting file: temp/180107_012.WAV
2025-11-14 13:50:06.473 | INFO     | split_audio.split_audio_long_base:cut_audio:238 - Exported 11 segments → Recording_251114/180107_048.TAKE/180107_048_segment (threads=8)
2025-11-14 13:50:06.485 | INFO     | split_audio.split_audio_long_base:process_one:305 - Done: Recording_251114/180107_013.TAKE/180107_013.WAV
2025-11-14 13:50:06.643 | INFO     | split_audio.split_audio_long_base:split_audio_vad:140 - Detected 9 speech segments in temp/180107_012.WAV
2025-11-14 13:50:06.724 | INFO     | split_audio.split_audio_long_base:process_file:271 - Processed file Recording_251114/180107_048.TAKE/180107_048.WAV
2025-11-14 13:50:06.897 | INFO     | split_audio.split_audio_long_base:merge_segments:173 - Merged into 9 segments (min_len=0.0s)
2025-11-14 13:50:06.916 | INFO     | split_audio.split_audio_long_base:process_one:305 - Done: Recording_251114/180107_048.TAKE/180107_048.WAV
2025-11-14 13:50:07.381 | INFO     | split_audio.split_audio_long_base:resample:93 - Resampled to 16000 Hz → temp/180107_045.WAV
2025-11-14 13:50:07.424 | INFO     | split_audio.split_audio_long_base:split_audio_vad:98 - Splitting file: temp/180107_045.WAV
2025-11-14 13:50:07.771 | INFO     | split_audio.split_audio_long_base:cut_audio:238 - Exported 9 segments → Recording_251114/180107_012.TAKE/180107_012_segment (threads=8)
2025-11-14 13:50:07.784 | INFO     | split_audio.split_audio_long_base:process_file:271 - Processed file Recording_251114/180107_012.TAKE/180107_012.WAV
2025-11-14 13:50:07.852 | INFO     | split_audio.split_audio_long_base:process_one:305 - Done: Recording_251114/180107_012.TAKE/180107_012.WAV
2025-11-14 13:50:08.006 | INFO     | split_audio.split_audio_long_base:split_audio_vad:140 - Detected 10 speech segments in temp/180107_045.WAV
2025-11-14 13:50:08.018 | INFO     | split_audio.split_audio_long_base:merge_segments:173 - Merged into 10 segments (min_len=0.0s)
2025-11-14 13:50:08.354 | INFO     | split_audio.split_audio_long_base:resample:93 - Resampled to 16000 Hz → temp/180107_004.WAV
2025-11-14 13:50:08.549 | INFO     | split_audio.split_audio_long_base:split_audio_vad:98 - Splitting file: temp/180107_004.WAV
2025-11-14 13:50:08.610 | INFO     | split_audio.split_audio_long_base:resample:93 - Resampled to 16000 Hz → temp/180107_028.WAV
2025-11-14 13:50:08.653 | INFO     | split_audio.split_audio_long_base:split_audio_vad:98 - Splitting file: temp/180107_028.WAV
2025-11-14 13:50:08.837 | INFO     | split_audio.split_audio_long_base:split_audio_vad:140 - Detected 8 speech segments in temp/180107_004.WAV
2025-11-14 13:50:08.845 | INFO     | split_audio.split_audio_long_base:merge_segments:173 - Merged into 8 segments (min_len=0.0s)
2025-11-14 13:50:08.975 | INFO     | split_audio.split_audio_long_base:split_audio_vad:140 - Detected 8 speech segments in temp/180107_028.WAV
2025-11-14 13:50:09.007 | INFO     | split_audio.split_audio_long_base:merge_segments:173 - Merged into 8 segments (min_len=0.0s)
2025-11-14 13:50:09.210 | INFO     | split_audio.split_audio_long_base:cut_audio:238 - Exported 10 segments → Recording_251114/180107_045.TAKE/180107_045_segment (threads=8)
2025-11-14 13:50:09.253 | INFO     | split_audio.split_audio_long_base:process_file:271 - Processed file Recording_251114/180107_045.TAKE/180107_045.WAV
2025-11-14 13:50:09.357 | INFO     | split_audio.split_audio_long_base:process_one:305 - Done: Recording_251114/180107_045.TAKE/180107_045.WAV
2025-11-14 13:50:09.390 | INFO     | split_audio.split_audio_long_base:resample:93 - Resampled to 16000 Hz → temp/180107_008.WAV
2025-11-14 13:50:09.515 | INFO     | split_audio.split_audio_long_base:split_audio_vad:98 - Splitting file: temp/180107_008.WAV
2025-11-14 13:50:09.521 | INFO     | split_audio.split_audio_long_base:resample:93 - Resampled to 16000 Hz → temp/180107_024.WAV
2025-11-14 13:50:09.577 | INFO     | split_audio.split_audio_long_base:split_audio_vad:98 - Splitting file: temp/180107_024.WAV
2025-11-14 13:50:09.687 | INFO     | split_audio.split_audio_long_base:cut_audio:238 - Exported 8 segments → Recording_251114/180107_004.TAKE/180107_004_segment (threads=8)
2025-11-14 13:50:09.808 | INFO     | split_audio.split_audio_long_base:process_file:271 - Processed file Recording_251114/180107_004.TAKE/180107_004.WAV
2025-11-14 13:50:09.846 | INFO     | split_audio.split_audio_long_base:process_one:305 - Done: Recording_251114/180107_004.TAKE/180107_004.WAV
2025-11-14 13:50:09.982 | INFO     | split_audio.split_audio_long_base:split_audio_vad:140 - Detected 8 speech segments in temp/180107_024.WAV
2025-11-14 13:50:09.983 | INFO     | split_audio.split_audio_long_base:split_audio_vad:140 - Detected 9 speech segments in temp/180107_008.WAV
2025-11-14 13:50:10.036 | INFO     | split_audio.split_audio_long_base:resample:93 - Resampled to 16000 Hz → temp/180107_031.WAV
2025-11-14 13:50:10.092 | INFO     | split_audio.split_audio_long_base:merge_segments:173 - Merged into 8 segments (min_len=0.0s)
2025-11-14 13:50:10.141 | INFO     | split_audio.split_audio_long_base:merge_segments:173 - Merged into 9 segments (min_len=0.0s)
2025-11-14 13:50:10.190 | INFO     | split_audio.split_audio_long_base:split_audio_vad:98 - Splitting file: temp/180107_031.WAV
2025-11-14 13:50:10.307 | INFO     | split_audio.split_audio_long_base:resample:93 - Resampled to 16000 Hz → temp/180107_032.WAV
2025-11-14 13:50:10.376 | INFO     | split_audio.split_audio_long_base:cut_audio:238 - Exported 8 segments → Recording_251114/180107_028.TAKE/180107_028_segment (threads=8)
2025-11-14 13:50:10.431 | INFO     | split_audio.split_audio_long_base:split_audio_vad:98 - Splitting file: temp/180107_032.WAV
2025-11-14 13:50:10.443 | INFO     | split_audio.split_audio_long_base:process_file:271 - Processed file Recording_251114/180107_028.TAKE/180107_028.WAV
2025-11-14 13:50:10.463 | INFO     | split_audio.split_audio_long_base:split_audio_vad:140 - Detected 8 speech segments in temp/180107_031.WAV
2025-11-14 13:50:10.469 | INFO     | split_audio.split_audio_long_base:resample:93 - Resampled to 16000 Hz → temp/180107_011.WAV
2025-11-14 13:50:10.535 | INFO     | split_audio.split_audio_long_base:process_one:305 - Done: Recording_251114/180107_028.TAKE/180107_028.WAV
2025-11-14 13:50:10.589 | INFO     | split_audio.split_audio_long_base:merge_segments:173 - Merged into 8 segments (min_len=0.0s)
2025-11-14 13:50:10.613 | INFO     | split_audio.split_audio_long_base:split_audio_vad:98 - Splitting file: temp/180107_011.WAV
2025-11-14 13:50:10.623 | INFO     | split_audio.split_audio_long_base:split_audio_vad:140 - Detected 9 speech segments in temp/180107_032.WAV
2025-11-14 13:50:10.794 | INFO     | split_audio.split_audio_long_base:merge_segments:173 - Merged into 9 segments (min_len=0.0s)
2025-11-14 13:50:10.890 | INFO     | split_audio.split_audio_long_base:cut_audio:238 - Exported 8 segments → Recording_251114/180107_024.TAKE/180107_024_segment (threads=8)
2025-11-14 13:50:10.914 | INFO     | split_audio.split_audio_long_base:split_audio_vad:140 - Detected 7 speech segments in temp/180107_011.WAV
2025-11-14 13:50:11.010 | INFO     | split_audio.split_audio_long_base:process_file:271 - Processed file Recording_251114/180107_024.TAKE/180107_024.WAV
2025-11-14 13:50:11.051 | INFO     | split_audio.split_audio_long_base:merge_segments:173 - Merged into 7 segments (min_len=0.0s)
2025-11-14 13:50:11.174 | INFO     | split_audio.split_audio_long_base:cut_audio:238 - Exported 9 segments → Recording_251114/180107_008.TAKE/180107_008_segment (threads=8)
2025-11-14 13:50:11.205 | INFO     | split_audio.split_audio_long_base:process_one:305 - Done: Recording_251114/180107_024.TAKE/180107_024.WAV
2025-11-14 13:50:11.246 | INFO     | split_audio.split_audio_long_base:resample:93 - Resampled to 16000 Hz → temp/180107_046.WAV
2025-11-14 13:50:11.317 | INFO     | split_audio.split_audio_long_base:process_file:271 - Processed file Recording_251114/180107_008.TAKE/180107_008.WAV
2025-11-14 13:50:11.402 | INFO     | split_audio.split_audio_long_base:split_audio_vad:98 - Splitting file: temp/180107_046.WAV
2025-11-14 13:50:11.445 | INFO     | split_audio.split_audio_long_base:process_one:305 - Done: Recording_251114/180107_008.TAKE/180107_008.WAV
2025-11-14 13:50:11.649 | INFO     | split_audio.split_audio_long_base:split_audio_vad:140 - Detected 7 speech segments in temp/180107_046.WAV
2025-11-14 13:50:11.680 | INFO     | split_audio.split_audio_long_base:cut_audio:238 - Exported 9 segments → Recording_251114/180107_032.TAKE/180107_032_segment (threads=8)
2025-11-14 13:50:11.733 | INFO     | split_audio.split_audio_long_base:merge_segments:173 - Merged into 7 segments (min_len=0.0s)
2025-11-14 13:50:11.862 | INFO     | split_audio.split_audio_long_base:process_file:271 - Processed file Recording_251114/180107_032.TAKE/180107_032.WAV
2025-11-14 13:50:11.924 | INFO     | split_audio.split_audio_long_base:process_one:305 - Done: Recording_251114/180107_032.TAKE/180107_032.WAV
2025-11-14 13:50:11.991 | INFO     | split_audio.split_audio_long_base:resample:93 - Resampled to 16000 Hz → temp/180107_007.WAV
2025-11-14 13:50:12.035 | INFO     | split_audio.split_audio_long_base:split_audio_vad:98 - Splitting file: temp/180107_007.WAV
2025-11-14 13:50:12.294 | INFO     | split_audio.split_audio_long_base:split_audio_vad:140 - Detected 10 speech segments in temp/180107_007.WAV
2025-11-14 13:50:12.338 | INFO     | split_audio.split_audio_long_base:merge_segments:173 - Merged into 10 segments (min_len=0.0s)
2025-11-14 13:50:12.489 | INFO     | split_audio.split_audio_long_base:cut_audio:238 - Exported 7 segments → Recording_251114/180107_011.TAKE/180107_011_segment (threads=8)
2025-11-14 13:50:12.530 | INFO     | split_audio.split_audio_long_base:cut_audio:238 - Exported 7 segments → Recording_251114/180107_046.TAKE/180107_046_segment (threads=8)
2025-11-14 13:50:12.551 | INFO     | split_audio.split_audio_long_base:process_file:271 - Processed file Recording_251114/180107_011.TAKE/180107_011.WAV
2025-11-14 13:50:12.576 | INFO     | split_audio.split_audio_long_base:cut_audio:238 - Exported 8 segments → Recording_251114/180107_031.TAKE/180107_031_segment (threads=8)
2025-11-14 13:50:12.600 | INFO     | split_audio.split_audio_long_base:process_file:271 - Processed file Recording_251114/180107_046.TAKE/180107_046.WAV
2025-11-14 13:50:12.619 | INFO     | split_audio.split_audio_long_base:resample:93 - Resampled to 16000 Hz → temp/180107_006.WAV
2025-11-14 13:50:12.698 | INFO     | split_audio.split_audio_long_base:process_one:305 - Done: Recording_251114/180107_011.TAKE/180107_011.WAV
2025-11-14 13:50:12.781 | INFO     | split_audio.split_audio_long_base:process_file:271 - Processed file Recording_251114/180107_031.TAKE/180107_031.WAV
2025-11-14 13:50:12.873 | INFO     | split_audio.split_audio_long_base:process_one:305 - Done: Recording_251114/180107_046.TAKE/180107_046.WAV
2025-11-14 13:50:12.910 | INFO     | split_audio.split_audio_long_base:split_audio_vad:98 - Splitting file: temp/180107_006.WAV
2025-11-14 13:50:12.970 | INFO     | split_audio.split_audio_long_base:cut_audio:238 - Exported 10 segments → Recording_251114/180107_007.TAKE/180107_007_segment (threads=8)
2025-11-14 13:50:12.992 | INFO     | split_audio.split_audio_long_base:process_one:305 - Done: Recording_251114/180107_031.TAKE/180107_031.WAV
2025-11-14 13:50:12.998 | INFO     | split_audio.split_audio_long_base:resample:93 - Resampled to 16000 Hz → temp/180107_047.WAV
2025-11-14 13:50:13.095 | INFO     | split_audio.split_audio_long_base:process_file:271 - Processed file Recording_251114/180107_007.TAKE/180107_007.WAV
2025-11-14 13:50:13.166 | INFO     | split_audio.split_audio_long_base:split_audio_vad:140 - Detected 9 speech segments in temp/180107_006.WAV
2025-11-14 13:50:13.190 | INFO     | split_audio.split_audio_long_base:split_audio_vad:98 - Splitting file: temp/180107_047.WAV
2025-11-14 13:50:13.332 | INFO     | split_audio.split_audio_long_base:process_one:305 - Done: Recording_251114/180107_007.TAKE/180107_007.WAV
2025-11-14 13:50:13.397 | INFO     | split_audio.split_audio_long_base:merge_segments:173 - Merged into 9 segments (min_len=0.0s)
2025-11-14 13:50:13.611 | INFO     | split_audio.split_audio_long_base:split_audio_vad:140 - Detected 9 speech segments in temp/180107_047.WAV
2025-11-14 13:50:13.624 | INFO     | split_audio.split_audio_long_base:merge_segments:173 - Merged into 9 segments (min_len=0.0s)
2025-11-14 13:50:13.698 | INFO     | split_audio.split_audio_long_base:resample:93 - Resampled to 16000 Hz → temp/180107_030.WAV
2025-11-14 13:50:13.748 | INFO     | split_audio.split_audio_long_base:split_audio_vad:98 - Splitting file: temp/180107_030.WAV
2025-11-14 13:50:13.960 | INFO     | split_audio.split_audio_long_base:split_audio_vad:140 - Detected 8 speech segments in temp/180107_030.WAV
2025-11-14 13:50:13.980 | INFO     | split_audio.split_audio_long_base:merge_segments:173 - Merged into 8 segments (min_len=0.0s)
2025-11-14 13:50:14.674 | INFO     | split_audio.split_audio_long_base:cut_audio:238 - Exported 9 segments → Recording_251114/180107_047.TAKE/180107_047_segment (threads=8)
2025-11-14 13:50:14.693 | INFO     | split_audio.split_audio_long_base:process_file:271 - Processed file Recording_251114/180107_047.TAKE/180107_047.WAV
2025-11-14 13:50:14.827 | INFO     | split_audio.split_audio_long_base:resample:93 - Resampled to 16000 Hz → temp/180107_026.WAV
2025-11-14 13:50:14.857 | INFO     | split_audio.split_audio_long_base:process_one:305 - Done: Recording_251114/180107_047.TAKE/180107_047.WAV
2025-11-14 13:50:14.893 | INFO     | split_audio.split_audio_long_base:split_audio_vad:98 - Splitting file: temp/180107_026.WAV
2025-11-14 13:50:14.930 | INFO     | split_audio.split_audio_long_base:cut_audio:238 - Exported 9 segments → Recording_251114/180107_006.TAKE/180107_006_segment (threads=8)
2025-11-14 13:50:14.954 | INFO     | split_audio.split_audio_long_base:cut_audio:238 - Exported 8 segments → Recording_251114/180107_030.TAKE/180107_030_segment (threads=8)
2025-11-14 13:50:14.990 | INFO     | split_audio.split_audio_long_base:process_file:271 - Processed file Recording_251114/180107_006.TAKE/180107_006.WAV
2025-11-14 13:50:15.075 | INFO     | split_audio.split_audio_long_base:process_file:271 - Processed file Recording_251114/180107_030.TAKE/180107_030.WAV
2025-11-14 13:50:15.122 | INFO     | split_audio.split_audio_long_base:split_audio_vad:140 - Detected 9 speech segments in temp/180107_026.WAV
2025-11-14 13:50:15.172 | INFO     | split_audio.split_audio_long_base:process_one:305 - Done: Recording_251114/180107_006.TAKE/180107_006.WAV
2025-11-14 13:50:15.227 | INFO     | split_audio.split_audio_long_base:process_one:305 - Done: Recording_251114/180107_030.TAKE/180107_030.WAV
2025-11-14 13:50:15.240 | INFO     | split_audio.split_audio_long_base:merge_segments:173 - Merged into 9 segments (min_len=0.0s)
2025-11-14 13:50:15.884 | INFO     | split_audio.split_audio_long_base:resample:93 - Resampled to 16000 Hz → temp/180107_001.WAV
2025-11-14 13:50:15.915 | INFO     | split_audio.split_audio_long_base:split_audio_vad:98 - Splitting file: temp/180107_001.WAV
2025-11-14 13:50:15.927 | INFO     | split_audio.split_audio_long_base:resample:93 - Resampled to 16000 Hz → temp/180107_017.WAV
2025-11-14 13:50:16.031 | INFO     | split_audio.split_audio_long_base:resample:93 - Resampled to 16000 Hz → temp/180107_021.WAV
2025-11-14 13:50:16.070 | INFO     | split_audio.split_audio_long_base:split_audio_vad:98 - Splitting file: temp/180107_017.WAV
2025-11-14 13:50:16.084 | INFO     | split_audio.split_audio_long_base:split_audio_vad:140 - Detected 11 speech segments in temp/180107_001.WAV
2025-11-14 13:50:16.127 | INFO     | split_audio.split_audio_long_base:split_audio_vad:98 - Splitting file: temp/180107_021.WAV
2025-11-14 13:50:16.209 | INFO     | split_audio.split_audio_long_base:merge_segments:173 - Merged into 11 segments (min_len=0.0s)
2025-11-14 13:50:16.260 | INFO     | split_audio.split_audio_long_base:cut_audio:238 - Exported 9 segments → Recording_251114/180107_026.TAKE/180107_026_segment (threads=8)
2025-11-14 13:50:16.334 | INFO     | split_audio.split_audio_long_base:process_file:271 - Processed file Recording_251114/180107_026.TAKE/180107_026.WAV
2025-11-14 13:50:16.347 | INFO     | split_audio.split_audio_long_base:split_audio_vad:140 - Detected 9 speech segments in temp/180107_017.WAV
2025-11-14 13:50:16.361 | INFO     | split_audio.split_audio_long_base:split_audio_vad:140 - Detected 9 speech segments in temp/180107_021.WAV
2025-11-14 13:50:16.387 | INFO     | split_audio.split_audio_long_base:process_one:305 - Done: Recording_251114/180107_026.TAKE/180107_026.WAV
2025-11-14 13:50:16.407 | INFO     | split_audio.split_audio_long_base:merge_segments:173 - Merged into 9 segments (min_len=0.0s)
2025-11-14 13:50:16.440 | INFO     | split_audio.split_audio_long_base:merge_segments:173 - Merged into 9 segments (min_len=0.0s)
2025-11-14 13:50:16.807 | INFO     | split_audio.split_audio_long_base:resample:93 - Resampled to 16000 Hz → temp/180107_037.WAV
2025-11-14 13:50:16.814 | INFO     | split_audio.split_audio_long_base:split_audio_vad:98 - Splitting file: temp/180107_037.WAV
2025-11-14 13:50:16.877 | INFO     | split_audio.split_audio_long_base:cut_audio:238 - Exported 11 segments → Recording_251114/180107_001.TAKE/180107_001_segment (threads=8)
2025-11-14 13:50:16.908 | INFO     | split_audio.split_audio_long_base:process_file:271 - Processed file Recording_251114/180107_001.TAKE/180107_001.WAV
2025-11-14 13:50:16.922 | INFO     | split_audio.split_audio_long_base:split_audio_vad:140 - Detected 11 speech segments in temp/180107_037.WAV
2025-11-14 13:50:16.934 | INFO     | split_audio.split_audio_long_base:process_one:305 - Done: Recording_251114/180107_001.TAKE/180107_001.WAV
2025-11-14 13:50:16.995 | INFO     | split_audio.split_audio_long_base:merge_segments:173 - Merged into 11 segments (min_len=0.0s)
2025-11-14 13:50:17.298 | INFO     | split_audio.split_audio_long_base:resample:93 - Resampled to 16000 Hz → temp/180107_036.WAV
2025-11-14 13:50:17.318 | INFO     | split_audio.split_audio_long_base:split_audio_vad:98 - Splitting file: temp/180107_036.WAV
2025-11-14 13:50:17.318 | INFO     | split_audio.split_audio_long_base:cut_audio:238 - Exported 9 segments → Recording_251114/180107_021.TAKE/180107_021_segment (threads=8)
2025-11-14 13:50:17.318 | INFO     | split_audio.split_audio_long_base:cut_audio:238 - Exported 9 segments → Recording_251114/180107_017.TAKE/180107_017_segment (threads=8)
2025-11-14 13:50:17.324 | INFO     | split_audio.split_audio_long_base:process_file:271 - Processed file Recording_251114/180107_021.TAKE/180107_021.WAV
2025-11-14 13:50:17.367 | INFO     | split_audio.split_audio_long_base:split_audio_vad:140 - Detected 8 speech segments in temp/180107_036.WAV
2025-11-14 13:50:17.368 | INFO     | split_audio.split_audio_long_base:process_file:271 - Processed file Recording_251114/180107_017.TAKE/180107_017.WAV
2025-11-14 13:50:17.413 | INFO     | split_audio.split_audio_long_base:process_one:305 - Done: Recording_251114/180107_021.TAKE/180107_021.WAV
2025-11-14 13:50:17.479 | INFO     | split_audio.split_audio_long_base:merge_segments:173 - Merged into 8 segments (min_len=0.0s)
2025-11-14 13:50:17.479 | INFO     | split_audio.split_audio_long_base:process_one:305 - Done: Recording_251114/180107_017.TAKE/180107_017.WAV
2025-11-14 13:50:17.479 | INFO     | split_audio.split_audio_long_base:cut_audio:238 - Exported 11 segments → Recording_251114/180107_037.TAKE/180107_037_segment (threads=8)
2025-11-14 13:50:17.480 | INFO     | split_audio.split_audio_long_base:resample:93 - Resampled to 16000 Hz → temp/180107_016.WAV
2025-11-14 13:50:17.480 | INFO     | split_audio.split_audio_long_base:process_file:271 - Processed file Recording_251114/180107_037.TAKE/180107_037.WAV
2025-11-14 13:50:17.487 | INFO     | split_audio.split_audio_long_base:split_audio_vad:98 - Splitting file: temp/180107_016.WAV
2025-11-14 13:50:17.493 | INFO     | split_audio.split_audio_long_base:process_one:305 - Done: Recording_251114/180107_037.TAKE/180107_037.WAV
2025-11-14 13:50:17.535 | INFO     | split_audio.split_audio_long_base:split_audio_vad:140 - Detected 9 speech segments in temp/180107_016.WAV
2025-11-14 13:50:17.536 | INFO     | split_audio.split_audio_long_base:merge_segments:173 - Merged into 9 segments (min_len=0.0s)
2025-11-14 13:50:17.571 | INFO     | split_audio.split_audio_long_base:cut_audio:238 - Exported 8 segments → Recording_251114/180107_036.TAKE/180107_036_segment (threads=8)
2025-11-14 13:50:17.578 | INFO     | split_audio.split_audio_long_base:process_file:271 - Processed file Recording_251114/180107_036.TAKE/180107_036.WAV
2025-11-14 13:50:17.585 | INFO     | split_audio.split_audio_long_base:process_one:305 - Done: Recording_251114/180107_036.TAKE/180107_036.WAV
2025-11-14 13:50:17.629 | INFO     | split_audio.split_audio_long_base:cut_audio:238 - Exported 9 segments → Recording_251114/180107_016.TAKE/180107_016_segment (threads=8)
2025-11-14 13:50:17.630 | INFO     | split_audio.split_audio_long_base:process_file:271 - Processed file Recording_251114/180107_016.TAKE/180107_016.WAV
2025-11-14 13:50:17.630 | INFO     | split_audio.split_audio_long_base:process_one:305 - Done: Recording_251114/180107_016.TAKE/180107_016.WAV
2025-11-14 13:50:17.630 | INFO     | split_audio.split_audio_long_base:process_all:316 - Finished processing 37 files total.
2025-11-14 13:50:17.633 | INFO     | split_audio.split_audio_long_base:clear_temp_files:247 - Cleared all temp files in temp
